17:08:00  WARNING   backend.config — Configuration file C:\Users\Arjun\AppData\Local\Temp\pytest-of-Arjun\pytest-1\test_config_manager_defaults0\does_not_exist.yaml not found. Using defaults.
17:08:00  WARNING   backend.config — Configuration file nonexistent_so_defaults_used.yaml not found. Using defaults.
17:08:00  INFO      backend.preprocessing — Loading dataset: C:\Users\Arjun\AppData\Local\Temp\pytest-of-Arjun\pytest-1\test_load_and_preprocess_succe0\dummy_data.csv
17:08:00  INFO      backend.preprocessing — [1/5] Loading dataset from C:\Users\Arjun\AppData\Local\Temp\pytest-of-Arjun\pytest-1\test_load_and_preprocess_succe0\dummy_data.csv ...
17:08:00  INFO      backend.preprocessing — [2/5] Cleaning data ...
17:08:00  INFO      backend.preprocessing — [3/5] Mapping failure types to health classes ...
17:08:00  INFO      backend.preprocessing — [4/5] Normalising features (MinMaxScaler) ...
17:08:00  INFO      backend.preprocessing — [5/5] Stratified 80/20 train/test split ...
17:08:00  INFO      backend.preprocessing — Train samples : 8
17:08:00  INFO      backend.preprocessing — Test  samples : 2
17:08:00  INFO      backend.preprocessing — Features      : ['temperature_air', 'temperature_process', 'speed_rpm', 'torque', 'tool_wear']
17:08:00  INFO      backend.preprocessing — Normal     :     8 samples (80.0%)
17:08:00  INFO      backend.preprocessing — Warning    :     2 samples (20.0%)
17:08:00  INFO      backend.preprocessing — Loading dataset: completely_nonexistent_file.csv
17:08:00  INFO      backend.preprocessing — [1/5] Loading dataset from completely_nonexistent_file.csv ...
17:08:00  ERROR     backend.preprocessing — Dataset not found: [Errno 2] No such file or directory: 'completely_nonexistent_file.csv'
17:08:02  INFO      smoke_test — Smoke test log entry
17:18:59  INFO      backend.mqtt_client — Connecting to MQTT broker at localhost:1883
17:18:59  INFO      backend.mqtt_client — Disconnecting from MQTT broker...
17:18:59  INFO      backend.mqtt_client — Successfully connected to MQTT broker.
17:18:59  INFO      backend.mqtt_client — Subscribing to topic: test/topic
17:18:59  INFO      backend.mqtt_client — Received valid JSON telemetry on topic test/topic
17:18:59  ERROR     backend.mqtt_client — Invalid JSON received on topic test/topic: Expecting property name enclosed in double quotes: line 1 column 2 (char 1)
17:21:44  INFO      backend.ring_buffer — RingBuffer initialized with capacity 10
17:21:44  ERROR     backend.ring_buffer — Attempted to initialize RingBuffer with capacity <= 0
17:21:44  INFO      backend.ring_buffer — RingBuffer initialized with capacity 5
17:21:44  INFO      backend.ring_buffer — RingBuffer initialized with capacity 3
17:21:44  WARNING   backend.ring_buffer — RingBuffer overflow - overwriting old telemetry data
17:21:44  INFO      backend.ring_buffer — RingBuffer initialized with capacity 4
17:21:44  INFO      backend.ring_buffer — RingBuffer initialized with capacity 5
17:21:44  WARNING   backend.ring_buffer — RingBuffer overflow - overwriting old telemetry data
17:21:44  INFO      backend.ring_buffer — RingBuffer initialized with capacity 5
17:21:44  INFO      backend.ring_buffer — RingBuffer cleared
17:21:44  INFO      backend.ring_buffer — RingBuffer initialized with capacity 1000
17:21:44  WARNING   backend.ring_buffer — RingBuffer overflow - overwriting old telemetry data
17:21:44  INFO      backend.ring_buffer — RingBuffer initialized with capacity 1000
17:21:44  WARNING   backend.ring_buffer — RingBuffer overflow - overwriting old telemetry data
17:24:02  INFO      backend.ring_buffer — RingBuffer initialized with capacity 10
17:24:02  INFO      backend.ring_buffer — RingBuffer initialized with capacity 10
17:24:02  INFO      backend.ring_buffer — RingBuffer initialized with capacity 10
17:24:02  INFO      backend.ring_buffer — RingBuffer initialized with capacity 10
17:24:02  ERROR     backend.telemetry_manager — Invalid JSON dropped from test/topic: Expecting value: line 1 column 1 (char 0)
17:24:02  INFO      backend.ring_buffer — RingBuffer initialized with capacity 10
17:24:02  ERROR     backend.telemetry_manager — Error processing payload on test/topic: Payload must be a JSON object
17:24:02  INFO      backend_daemon — Initializing Backend Daemon components...
17:24:02  INFO      backend_daemon — Initializing Backend Daemon components...
17:24:02  INFO      backend_daemon — Starting Backend Daemon...
17:24:02  INFO      backend_daemon — Shutting down Backend Daemon...
17:24:02  INFO      backend_daemon — Daemon stopped.
17:24:03  INFO      backend_daemon — Shutting down Backend Daemon...
17:24:03  INFO      backend_daemon — Daemon stopped.
17:24:03  INFO      backend_daemon — Initializing Backend Daemon components...
17:24:03  INFO      backend_daemon — Received signal 15, initiating graceful shutdown...
17:29:33  INFO      backend.ring_buffer — RingBuffer initialized with capacity 10
17:29:33  INFO      backend.ring_buffer — RingBuffer initialized with capacity 10
17:29:33  INFO      backend.ring_buffer — RingBuffer initialized with capacity 10
17:29:33  INFO      backend.ring_buffer — RingBuffer initialized with capacity 10
17:29:33  ERROR     backend.telemetry_manager — Invalid JSON dropped from test/topic: Expecting value: line 1 column 1 (char 0)
17:29:33  INFO      backend.ring_buffer — RingBuffer initialized with capacity 10
17:29:33  ERROR     backend.telemetry_manager — Error processing payload on test/topic: Payload must be a JSON object
17:29:33  INFO      backend_daemon — Initializing Backend Daemon components...
17:29:33  INFO      backend_daemon — Initializing Backend Daemon components...
17:29:33  INFO      backend_daemon — Starting Backend Daemon...
17:29:33  INFO      backend_daemon — Shutting down Backend Daemon...
17:29:33  INFO      backend_daemon — Daemon stopped.
17:29:34  INFO      backend_daemon — Initializing Backend Daemon components...
17:29:34  INFO      backend_daemon — Received signal 15, initiating graceful shutdown...
17:46:08  INFO      backend.ipc.server — IPC Server started on tcp://127.0.0.1:5556
17:46:08  INFO      backend.ipc.server — Stopping IPC Server...
17:46:08  INFO      backend.ipc.server — IPC Server stopped.
17:46:08  INFO      backend.ipc.server — IPC Server started on tcp://127.0.0.1:5556
17:46:09  INFO      backend.ipc.server — Stopping IPC Server...
17:46:09  INFO      backend.ipc.server — IPC Server stopped.
17:46:09  INFO      backend.ipc.server — IPC Server started on tcp://127.0.0.1:5556
17:46:09  INFO      backend.ipc.server — Stopping IPC Server...
17:46:10  INFO      backend.ipc.server — IPC Server stopped.
17:46:10  INFO      backend.ipc.server — IPC Server started on tcp://127.0.0.1:5556
17:46:10  INFO      backend.ipc.server — Stopping IPC Server...
17:46:10  INFO      backend.ipc.server — IPC Server stopped.
17:46:10  WARNING   backend.ipc.client — IPC request timeout on attempt 1/2
17:46:11  WARNING   backend.ipc.client — IPC request timeout on attempt 2/2
